

Started GET "/" for ::1 at 2021-06-08 16:19:34 -0700

Gem::LoadError (Specified 'sqlite3' for database adapter, but the gem is not loaded. Add `gem 'sqlite3'` to your Gemfile (and ensure its version is at the minimum required by ActiveRecord).):
  activerecord (4.2.8) lib/active_record/connection_adapters/connection_specification.rb:177:in `rescue in spec'
  activerecord (4.2.8) lib/active_record/connection_adapters/connection_specification.rb:174:in `spec'
  activerecord (4.2.8) lib/active_record/connection_handling.rb:50:in `establish_connection'
  activerecord (4.2.8) lib/active_record/railtie.rb:120:in `block (2 levels) in <class:Railtie>'
  activesupport (4.2.8) lib/active_support/lazy_load_hooks.rb:38:in `instance_eval'
  activesupport (4.2.8) lib/active_support/lazy_load_hooks.rb:38:in `execute_hook'
  activesupport (4.2.8) lib/active_support/lazy_load_hooks.rb:45:in `block in run_load_hooks'
  activesupport (4.2.8) lib/active_support/lazy_load_hooks.rb:44:in `each'
  activesupport (4.2.8) lib/active_support/lazy_load_hooks.rb:44:in `run_load_hooks'
  activerecord (4.2.8) lib/active_record/base.rb:315:in `<module:ActiveRecord>'
  activerecord (4.2.8) lib/active_record/base.rb:26:in `<top (required)>'
  activesupport (4.2.8) lib/active_support/dependencies.rb:274:in `require'
  activesupport (4.2.8) lib/active_support/dependencies.rb:274:in `block in require'
  activesupport (4.2.8) lib/active_support/dependencies.rb:240:in `load_dependency'
  activesupport (4.2.8) lib/active_support/dependencies.rb:274:in `require'
  activerecord (4.2.8) lib/active_record/migration.rb:383:in `connection'
  activerecord (4.2.8) lib/active_record/migration.rb:370:in `call'
  actionpack (4.2.8) lib/action_dispatch/middleware/callbacks.rb:29:in `block in call'
  activesupport (4.2.8) lib/active_support/callbacks.rb:88:in `__run_callbacks__'
  activesupport (4.2.8) lib/active_support/callbacks.rb:778:in `_run_call_callbacks'
  activesupport (4.2.8) lib/active_support/callbacks.rb:81:in `run_callbacks'
  actionpack (4.2.8) lib/action_dispatch/middleware/callbacks.rb:27:in `call'
  actionpack (4.2.8) lib/action_dispatch/middleware/reloader.rb:73:in `call'
  actionpack (4.2.8) lib/action_dispatch/middleware/remote_ip.rb:78:in `call'
  actionpack (4.2.8) lib/action_dispatch/middleware/debug_exceptions.rb:17:in `call'
  web-console (2.3.0) lib/web_console/middleware.rb:28:in `block in call'
  web-console (2.3.0) lib/web_console/middleware.rb:18:in `catch'
  web-console (2.3.0) lib/web_console/middleware.rb:18:in `call'
  actionpack (4.2.8) lib/action_dispatch/middleware/show_exceptions.rb:30:in `call'
  railties (4.2.8) lib/rails/rack/logger.rb:38:in `call_app'
  railties (4.2.8) lib/rails/rack/logger.rb:20:in `block in call'
  activesupport (4.2.8) lib/active_support/tagged_logging.rb:68:in `block in tagged'
  activesupport (4.2.8) lib/active_support/tagged_logging.rb:26:in `tagged'
  activesupport (4.2.8) lib/active_support/tagged_logging.rb:68:in `tagged'
  railties (4.2.8) lib/rails/rack/logger.rb:20:in `call'
  actionpack (4.2.8) lib/action_dispatch/middleware/request_id.rb:21:in `call'
  rack (1.6.13) lib/rack/methodoverride.rb:22:in `call'
  rack (1.6.13) lib/rack/runtime.rb:18:in `call'
  activesupport (4.2.8) lib/active_support/cache/strategy/local_cache_middleware.rb:28:in `call'
  rack (1.6.13) lib/rack/lock.rb:17:in `call'
  actionpack (4.2.8) lib/action_dispatch/middleware/static.rb:120:in `call'
  rack (1.6.13) lib/rack/sendfile.rb:113:in `call'
  railties (4.2.8) lib/rails/engine.rb:518:in `call'
  railties (4.2.8) lib/rails/application.rb:165:in `call'
  rack (1.6.13) lib/rack/content_length.rb:15:in `call'
  puma (3.11.4) lib/puma/configuration.rb:225:in `call'
  puma (3.11.4) lib/puma/server.rb:632:in `handle_request'
  puma (3.11.4) lib/puma/server.rb:446:in `process_client'
  puma (3.11.4) lib/puma/server.rb:306:in `block in run'
  puma (3.11.4) lib/puma/thread_pool.rb:120:in `block in spawn_thread'


  Rendered /home/elly/.rbenv/versions/2.5.1/lib/ruby/gems/2.5.0/gems/actionpack-4.2.8/lib/action_dispatch/middleware/templates/rescues/_source.erb (4.1ms)
  Rendered /home/elly/.rbenv/versions/2.5.1/lib/ruby/gems/2.5.0/gems/actionpack-4.2.8/lib/action_dispatch/middleware/templates/rescues/_trace.html.erb (3.6ms)
  Rendered /home/elly/.rbenv/versions/2.5.1/lib/ruby/gems/2.5.0/gems/actionpack-4.2.8/lib/action_dispatch/middleware/templates/rescues/_request_and_response.html.erb (1.8ms)
  Rendered /home/elly/.rbenv/versions/2.5.1/lib/ruby/gems/2.5.0/gems/actionpack-4.2.8/lib/action_dispatch/middleware/templates/rescues/diagnostics.html.erb within rescues/layout (23.6ms)
  Rendered /home/elly/.rbenv/versions/2.5.1/lib/ruby/gems/2.5.0/gems/web-console-2.3.0/lib/web_console/templates/_markup.html.erb (0.4ms)
  Rendered /home/elly/.rbenv/versions/2.5.1/lib/ruby/gems/2.5.0/gems/web-console-2.3.0/lib/web_console/templates/_inner_console_markup.html.erb within layouts/inlined_string (0.3ms)
  Rendered /home/elly/.rbenv/versions/2.5.1/lib/ruby/gems/2.5.0/gems/web-console-2.3.0/lib/web_console/templates/_prompt_box_markup.html.erb within layouts/inlined_string (0.3ms)
  Rendered /home/elly/.rbenv/versions/2.5.1/lib/ruby/gems/2.5.0/gems/web-console-2.3.0/lib/web_console/templates/style.css.erb within layouts/inlined_string (0.8ms)
  Rendered /home/elly/.rbenv/versions/2.5.1/lib/ruby/gems/2.5.0/gems/web-console-2.3.0/lib/web_console/templates/console.js.erb within layouts/javascript (32.1ms)
  Rendered /home/elly/.rbenv/versions/2.5.1/lib/ruby/gems/2.5.0/gems/web-console-2.3.0/lib/web_console/templates/main.js.erb within layouts/javascript (0.3ms)
  Rendered /home/elly/.rbenv/versions/2.5.1/lib/ruby/gems/2.5.0/gems/web-console-2.3.0/lib/web_console/templates/error_page.js.erb within layouts/javascript (1.0ms)
  Rendered /home/elly/.rbenv/versions/2.5.1/lib/ruby/gems/2.5.0/gems/web-console-2.3.0/lib/web_console/templates/index.html.erb (59.8ms)


Started GET "/" for ::1 at 2021-06-08 16:25:08 -0700

Gem::LoadError (Specified 'sqlite3' for database adapter, but the gem is not loaded. Add `gem 'sqlite3'` to your Gemfile (and ensure its version is at the minimum required by ActiveRecord).):
  activerecord (4.2.8) lib/active_record/connection_adapters/connection_specification.rb:177:in `rescue in spec'
  activerecord (4.2.8) lib/active_record/connection_adapters/connection_specification.rb:174:in `spec'
  activerecord (4.2.8) lib/active_record/connection_handling.rb:50:in `establish_connection'
  activerecord (4.2.8) lib/active_record/railtie.rb:120:in `block (2 levels) in <class:Railtie>'
  activesupport (4.2.8) lib/active_support/lazy_load_hooks.rb:38:in `instance_eval'
  activesupport (4.2.8) lib/active_support/lazy_load_hooks.rb:38:in `execute_hook'
  activesupport (4.2.8) lib/active_support/lazy_load_hooks.rb:45:in `block in run_load_hooks'
  activesupport (4.2.8) lib/active_support/lazy_load_hooks.rb:44:in `each'
  activesupport (4.2.8) lib/active_support/lazy_load_hooks.rb:44:in `run_load_hooks'
  activerecord (4.2.8) lib/active_record/base.rb:315:in `<module:ActiveRecord>'
  activerecord (4.2.8) lib/active_record/base.rb:26:in `<top (required)>'
  activesupport (4.2.8) lib/active_support/dependencies.rb:274:in `require'
  activesupport (4.2.8) lib/active_support/dependencies.rb:274:in `block in require'
  activesupport (4.2.8) lib/active_support/dependencies.rb:240:in `load_dependency'
  activesupport (4.2.8) lib/active_support/dependencies.rb:274:in `require'
  activerecord (4.2.8) lib/active_record/migration.rb:383:in `connection'
  activerecord (4.2.8) lib/active_record/migration.rb:370:in `call'
  actionpack (4.2.8) lib/action_dispatch/middleware/callbacks.rb:29:in `block in call'
  activesupport (4.2.8) lib/active_support/callbacks.rb:88:in `__run_callbacks__'
  activesupport (4.2.8) lib/active_support/callbacks.rb:778:in `_run_call_callbacks'
  activesupport (4.2.8) lib/active_support/callbacks.rb:81:in `run_callbacks'
  actionpack (4.2.8) lib/action_dispatch/middleware/callbacks.rb:27:in `call'
  actionpack (4.2.8) lib/action_dispatch/middleware/reloader.rb:73:in `call'
  actionpack (4.2.8) lib/action_dispatch/middleware/remote_ip.rb:78:in `call'
  actionpack (4.2.8) lib/action_dispatch/middleware/debug_exceptions.rb:17:in `call'
  web-console (2.3.0) lib/web_console/middleware.rb:28:in `block in call'
  web-console (2.3.0) lib/web_console/middleware.rb:18:in `catch'
  web-console (2.3.0) lib/web_console/middleware.rb:18:in `call'
  actionpack (4.2.8) lib/action_dispatch/middleware/show_exceptions.rb:30:in `call'
  railties (4.2.8) lib/rails/rack/logger.rb:38:in `call_app'
  railties (4.2.8) lib/rails/rack/logger.rb:20:in `block in call'
  activesupport (4.2.8) lib/active_support/tagged_logging.rb:68:in `block in tagged'
  activesupport (4.2.8) lib/active_support/tagged_logging.rb:26:in `tagged'
  activesupport (4.2.8) lib/active_support/tagged_logging.rb:68:in `tagged'
  railties (4.2.8) lib/rails/rack/logger.rb:20:in `call'
  actionpack (4.2.8) lib/action_dispatch/middleware/request_id.rb:21:in `call'
  rack (1.6.13) lib/rack/methodoverride.rb:22:in `call'
  rack (1.6.13) lib/rack/runtime.rb:18:in `call'
  activesupport (4.2.8) lib/active_support/cache/strategy/local_cache_middleware.rb:28:in `call'
  rack (1.6.13) lib/rack/lock.rb:17:in `call'
  actionpack (4.2.8) lib/action_dispatch/middleware/static.rb:120:in `call'
  rack (1.6.13) lib/rack/sendfile.rb:113:in `call'
  railties (4.2.8) lib/rails/engine.rb:518:in `call'
  railties (4.2.8) lib/rails/application.rb:165:in `call'
  rack (1.6.13) lib/rack/content_length.rb:15:in `call'
  puma (3.11.4) lib/puma/configuration.rb:225:in `call'
  puma (3.11.4) lib/puma/server.rb:632:in `handle_request'
  puma (3.11.4) lib/puma/server.rb:446:in `process_client'
  puma (3.11.4) lib/puma/server.rb:306:in `block in run'
  puma (3.11.4) lib/puma/thread_pool.rb:120:in `block in spawn_thread'


  Rendered /home/elly/.rbenv/versions/2.5.1/lib/ruby/gems/2.5.0/gems/actionpack-4.2.8/lib/action_dispatch/middleware/templates/rescues/_source.erb (2.6ms)
  Rendered /home/elly/.rbenv/versions/2.5.1/lib/ruby/gems/2.5.0/gems/actionpack-4.2.8/lib/action_dispatch/middleware/templates/rescues/_trace.html.erb (3.3ms)
  Rendered /home/elly/.rbenv/versions/2.5.1/lib/ruby/gems/2.5.0/gems/actionpack-4.2.8/lib/action_dispatch/middleware/templates/rescues/_request_and_response.html.erb (1.0ms)
  Rendered /home/elly/.rbenv/versions/2.5.1/lib/ruby/gems/2.5.0/gems/actionpack-4.2.8/lib/action_dispatch/middleware/templates/rescues/diagnostics.html.erb within rescues/layout (18.2ms)
  Rendered /home/elly/.rbenv/versions/2.5.1/lib/ruby/gems/2.5.0/gems/web-console-2.3.0/lib/web_console/templates/_markup.html.erb (0.3ms)
  Rendered /home/elly/.rbenv/versions/2.5.1/lib/ruby/gems/2.5.0/gems/web-console-2.3.0/lib/web_console/templates/_inner_console_markup.html.erb within layouts/inlined_string (0.5ms)
  Rendered /home/elly/.rbenv/versions/2.5.1/lib/ruby/gems/2.5.0/gems/web-console-2.3.0/lib/web_console/templates/_prompt_box_markup.html.erb within layouts/inlined_string (0.4ms)
  Rendered /home/elly/.rbenv/versions/2.5.1/lib/ruby/gems/2.5.0/gems/web-console-2.3.0/lib/web_console/templates/style.css.erb within layouts/inlined_string (0.2ms)
  Rendered /home/elly/.rbenv/versions/2.5.1/lib/ruby/gems/2.5.0/gems/web-console-2.3.0/lib/web_console/templates/console.js.erb within layouts/javascript (17.1ms)
  Rendered /home/elly/.rbenv/versions/2.5.1/lib/ruby/gems/2.5.0/gems/web-console-2.3.0/lib/web_console/templates/main.js.erb within layouts/javascript (0.2ms)
  Rendered /home/elly/.rbenv/versions/2.5.1/lib/ruby/gems/2.5.0/gems/web-console-2.3.0/lib/web_console/templates/error_page.js.erb within layouts/javascript (0.3ms)
  Rendered /home/elly/.rbenv/versions/2.5.1/lib/ruby/gems/2.5.0/gems/web-console-2.3.0/lib/web_console/templates/index.html.erb (34.9ms)


Started GET "/" for ::1 at 2021-06-08 16:26:06 -0700

Gem::LoadError (Specified 'sqlite3' for database adapter, but the gem is not loaded. Add `gem 'sqlite3'` to your Gemfile (and ensure its version is at the minimum required by ActiveRecord).):
  activerecord (4.2.8) lib/active_record/connection_adapters/connection_specification.rb:177:in `rescue in spec'
  activerecord (4.2.8) lib/active_record/connection_adapters/connection_specification.rb:174:in `spec'
  activerecord (4.2.8) lib/active_record/connection_handling.rb:50:in `establish_connection'
  activerecord (4.2.8) lib/active_record/railtie.rb:120:in `block (2 levels) in <class:Railtie>'
  activesupport (4.2.8) lib/active_support/lazy_load_hooks.rb:38:in `instance_eval'
  activesupport (4.2.8) lib/active_support/lazy_load_hooks.rb:38:in `execute_hook'
  activesupport (4.2.8) lib/active_support/lazy_load_hooks.rb:45:in `block in run_load_hooks'
  activesupport (4.2.8) lib/active_support/lazy_load_hooks.rb:44:in `each'
  activesupport (4.2.8) lib/active_support/lazy_load_hooks.rb:44:in `run_load_hooks'
  activerecord (4.2.8) lib/active_record/base.rb:315:in `<module:ActiveRecord>'
  activerecord (4.2.8) lib/active_record/base.rb:26:in `<top (required)>'
  activesupport (4.2.8) lib/active_support/dependencies.rb:274:in `require'
  activesupport (4.2.8) lib/active_support/dependencies.rb:274:in `block in require'
  activesupport (4.2.8) lib/active_support/dependencies.rb:240:in `load_dependency'
  activesupport (4.2.8) lib/active_support/dependencies.rb:274:in `require'
  activerecord (4.2.8) lib/active_record/migration.rb:383:in `connection'
  activerecord (4.2.8) lib/active_record/migration.rb:370:in `call'
  actionpack (4.2.8) lib/action_dispatch/middleware/callbacks.rb:29:in `block in call'
  activesupport (4.2.8) lib/active_support/callbacks.rb:88:in `__run_callbacks__'
  activesupport (4.2.8) lib/active_support/callbacks.rb:778:in `_run_call_callbacks'
  activesupport (4.2.8) lib/active_support/callbacks.rb:81:in `run_callbacks'
  actionpack (4.2.8) lib/action_dispatch/middleware/callbacks.rb:27:in `call'
  actionpack (4.2.8) lib/action_dispatch/middleware/reloader.rb:73:in `call'
  actionpack (4.2.8) lib/action_dispatch/middleware/remote_ip.rb:78:in `call'
  actionpack (4.2.8) lib/action_dispatch/middleware/debug_exceptions.rb:17:in `call'
  web-console (2.3.0) lib/web_console/middleware.rb:28:in `block in call'
  web-console (2.3.0) lib/web_console/middleware.rb:18:in `catch'
  web-console (2.3.0) lib/web_console/middleware.rb:18:in `call'
  actionpack (4.2.8) lib/action_dispatch/middleware/show_exceptions.rb:30:in `call'
  railties (4.2.8) lib/rails/rack/logger.rb:38:in `call_app'
  railties (4.2.8) lib/rails/rack/logger.rb:20:in `block in call'
  activesupport (4.2.8) lib/active_support/tagged_logging.rb:68:in `block in tagged'
  activesupport (4.2.8) lib/active_support/tagged_logging.rb:26:in `tagged'
  activesupport (4.2.8) lib/active_support/tagged_logging.rb:68:in `tagged'
  railties (4.2.8) lib/rails/rack/logger.rb:20:in `call'
  actionpack (4.2.8) lib/action_dispatch/middleware/request_id.rb:21:in `call'
  rack (1.6.13) lib/rack/methodoverride.rb:22:in `call'
  rack (1.6.13) lib/rack/runtime.rb:18:in `call'
  activesupport (4.2.8) lib/active_support/cache/strategy/local_cache_middleware.rb:28:in `call'
  rack (1.6.13) lib/rack/lock.rb:17:in `call'
  actionpack (4.2.8) lib/action_dispatch/middleware/static.rb:120:in `call'
  rack (1.6.13) lib/rack/sendfile.rb:113:in `call'
  railties (4.2.8) lib/rails/engine.rb:518:in `call'
  railties (4.2.8) lib/rails/application.rb:165:in `call'
  rack (1.6.13) lib/rack/content_length.rb:15:in `call'
  puma (3.11.4) lib/puma/configuration.rb:225:in `call'
  puma (3.11.4) lib/puma/server.rb:632:in `handle_request'
  puma (3.11.4) lib/puma/server.rb:446:in `process_client'
  puma (3.11.4) lib/puma/server.rb:306:in `block in run'
  puma (3.11.4) lib/puma/thread_pool.rb:120:in `block in spawn_thread'


  Rendered /home/elly/.rbenv/versions/2.5.1/lib/ruby/gems/2.5.0/gems/actionpack-4.2.8/lib/action_dispatch/middleware/templates/rescues/_source.erb (2.0ms)
  Rendered /home/elly/.rbenv/versions/2.5.1/lib/ruby/gems/2.5.0/gems/actionpack-4.2.8/lib/action_dispatch/middleware/templates/rescues/_trace.html.erb (4.0ms)
  Rendered /home/elly/.rbenv/versions/2.5.1/lib/ruby/gems/2.5.0/gems/actionpack-4.2.8/lib/action_dispatch/middleware/templates/rescues/_request_and_response.html.erb (1.4ms)
  Rendered /home/elly/.rbenv/versions/2.5.1/lib/ruby/gems/2.5.0/gems/actionpack-4.2.8/lib/action_dispatch/middleware/templates/rescues/diagnostics.html.erb within rescues/layout (20.4ms)
  Rendered /home/elly/.rbenv/versions/2.5.1/lib/ruby/gems/2.5.0/gems/web-console-2.3.0/lib/web_console/templates/_markup.html.erb (0.3ms)
  Rendered /home/elly/.rbenv/versions/2.5.1/lib/ruby/gems/2.5.0/gems/web-console-2.3.0/lib/web_console/templates/_inner_console_markup.html.erb within layouts/inlined_string (0.8ms)
  Rendered /home/elly/.rbenv/versions/2.5.1/lib/ruby/gems/2.5.0/gems/web-console-2.3.0/lib/web_console/templates/_prompt_box_markup.html.erb within layouts/inlined_string (0.2ms)
  Rendered /home/elly/.rbenv/versions/2.5.1/lib/ruby/gems/2.5.0/gems/web-console-2.3.0/lib/web_console/templates/style.css.erb within layouts/inlined_string (0.2ms)
  Rendered /home/elly/.rbenv/versions/2.5.1/lib/ruby/gems/2.5.0/gems/web-console-2.3.0/lib/web_console/templates/console.js.erb within layouts/javascript (22.2ms)
  Rendered /home/elly/.rbenv/versions/2.5.1/lib/ruby/gems/2.5.0/gems/web-console-2.3.0/lib/web_console/templates/main.js.erb within layouts/javascript (0.2ms)
  Rendered /home/elly/.rbenv/versions/2.5.1/lib/ruby/gems/2.5.0/gems/web-console-2.3.0/lib/web_console/templates/error_page.js.erb within layouts/javascript (0.5ms)
  Rendered /home/elly/.rbenv/versions/2.5.1/lib/ruby/gems/2.5.0/gems/web-console-2.3.0/lib/web_console/templates/index.html.erb (40.3ms)


Started GET "/" for ::1 at 2021-06-08 16:26:09 -0700

ActiveRecord::ConnectionNotEstablished (No connection pool for ActiveRecord::Base):
  activerecord (4.2.8) lib/active_record/connection_adapters/abstract/connection_pool.rb:570:in `retrieve_connection'
  activerecord (4.2.8) lib/active_record/connection_handling.rb:113:in `retrieve_connection'
  activerecord (4.2.8) lib/active_record/connection_handling.rb:87:in `connection'
  activerecord (4.2.8) lib/active_record/migration.rb:383:in `connection'
  activerecord (4.2.8) lib/active_record/migration.rb:370:in `call'
  actionpack (4.2.8) lib/action_dispatch/middleware/callbacks.rb:29:in `block in call'
  activesupport (4.2.8) lib/active_support/callbacks.rb:88:in `__run_callbacks__'
  activesupport (4.2.8) lib/active_support/callbacks.rb:778:in `_run_call_callbacks'
  activesupport (4.2.8) lib/active_support/callbacks.rb:81:in `run_callbacks'
  actionpack (4.2.8) lib/action_dispatch/middleware/callbacks.rb:27:in `call'
  actionpack (4.2.8) lib/action_dispatch/middleware/reloader.rb:73:in `call'
  actionpack (4.2.8) lib/action_dispatch/middleware/remote_ip.rb:78:in `call'
  actionpack (4.2.8) lib/action_dispatch/middleware/debug_exceptions.rb:17:in `call'
  web-console (2.3.0) lib/web_console/middleware.rb:28:in `block in call'
  web-console (2.3.0) lib/web_console/middleware.rb:18:in `catch'
  web-console (2.3.0) lib/web_console/middleware.rb:18:in `call'
  actionpack (4.2.8) lib/action_dispatch/middleware/show_exceptions.rb:30:in `call'
  railties (4.2.8) lib/rails/rack/logger.rb:38:in `call_app'
  railties (4.2.8) lib/rails/rack/logger.rb:20:in `block in call'
  activesupport (4.2.8) lib/active_support/tagged_logging.rb:68:in `block in tagged'
  activesupport (4.2.8) lib/active_support/tagged_logging.rb:26:in `tagged'
  activesupport (4.2.8) lib/active_support/tagged_logging.rb:68:in `tagged'
  railties (4.2.8) lib/rails/rack/logger.rb:20:in `call'
  actionpack (4.2.8) lib/action_dispatch/middleware/request_id.rb:21:in `call'
  rack (1.6.13) lib/rack/methodoverride.rb:22:in `call'
  rack (1.6.13) lib/rack/runtime.rb:18:in `call'
  activesupport (4.2.8) lib/active_support/cache/strategy/local_cache_middleware.rb:28:in `call'
  rack (1.6.13) lib/rack/lock.rb:17:in `call'
  actionpack (4.2.8) lib/action_dispatch/middleware/static.rb:120:in `call'
  rack (1.6.13) lib/rack/sendfile.rb:113:in `call'
  railties (4.2.8) lib/rails/engine.rb:518:in `call'
  railties (4.2.8) lib/rails/application.rb:165:in `call'
  rack (1.6.13) lib/rack/content_length.rb:15:in `call'
  puma (3.11.4) lib/puma/configuration.rb:225:in `call'
  puma (3.11.4) lib/puma/server.rb:632:in `handle_request'
  puma (3.11.4) lib/puma/server.rb:446:in `process_client'
  puma (3.11.4) lib/puma/server.rb:306:in `block in run'
  puma (3.11.4) lib/puma/thread_pool.rb:120:in `block in spawn_thread'


  Rendered /home/elly/.rbenv/versions/2.5.1/lib/ruby/gems/2.5.0/gems/actionpack-4.2.8/lib/action_dispatch/middleware/templates/rescues/_source.erb (2.3ms)
  Rendered /home/elly/.rbenv/versions/2.5.1/lib/ruby/gems/2.5.0/gems/actionpack-4.2.8/lib/action_dispatch/middleware/templates/rescues/_trace.html.erb (1.5ms)
  Rendered /home/elly/.rbenv/versions/2.5.1/lib/ruby/gems/2.5.0/gems/actionpack-4.2.8/lib/action_dispatch/middleware/templates/rescues/_request_and_response.html.erb (0.8ms)
  Rendered /home/elly/.rbenv/versions/2.5.1/lib/ruby/gems/2.5.0/gems/actionpack-4.2.8/lib/action_dispatch/middleware/templates/rescues/diagnostics.html.erb within rescues/layout (21.1ms)
  Rendered /home/elly/.rbenv/versions/2.5.1/lib/ruby/gems/2.5.0/gems/web-console-2.3.0/lib/web_console/templates/_markup.html.erb (0.4ms)
  Rendered /home/elly/.rbenv/versions/2.5.1/lib/ruby/gems/2.5.0/gems/web-console-2.3.0/lib/web_console/templates/_inner_console_markup.html.erb within layouts/inlined_string (0.3ms)
  Rendered /home/elly/.rbenv/versions/2.5.1/lib/ruby/gems/2.5.0/gems/web-console-2.3.0/lib/web_console/templates/_prompt_box_markup.html.erb within layouts/inlined_string (0.3ms)
  Rendered /home/elly/.rbenv/versions/2.5.1/lib/ruby/gems/2.5.0/gems/web-console-2.3.0/lib/web_console/templates/style.css.erb within layouts/inlined_string (0.4ms)
  Rendered /home/elly/.rbenv/versions/2.5.1/lib/ruby/gems/2.5.0/gems/web-console-2.3.0/lib/web_console/templates/console.js.erb within layouts/javascript (19.6ms)
  Rendered /home/elly/.rbenv/versions/2.5.1/lib/ruby/gems/2.5.0/gems/web-console-2.3.0/lib/web_console/templates/main.js.erb within layouts/javascript (0.3ms)
  Rendered /home/elly/.rbenv/versions/2.5.1/lib/ruby/gems/2.5.0/gems/web-console-2.3.0/lib/web_console/templates/error_page.js.erb within layouts/javascript (0.4ms)
  Rendered /home/elly/.rbenv/versions/2.5.1/lib/ruby/gems/2.5.0/gems/web-console-2.3.0/lib/web_console/templates/index.html.erb (38.8ms)


Started GET "/" for ::1 at 2021-06-08 16:31:44 -0700

Gem::LoadError (Specified 'sqlite3' for database adapter, but the gem is not loaded. Add `gem 'sqlite3'` to your Gemfile (and ensure its version is at the minimum required by ActiveRecord).):
  activerecord (4.2.8) lib/active_record/connection_adapters/connection_specification.rb:177:in `rescue in spec'
  activerecord (4.2.8) lib/active_record/connection_adapters/connection_specification.rb:174:in `spec'
  activerecord (4.2.8) lib/active_record/connection_handling.rb:50:in `establish_connection'
  activerecord (4.2.8) lib/active_record/railtie.rb:120:in `block (2 levels) in <class:Railtie>'
  activesupport (4.2.8) lib/active_support/lazy_load_hooks.rb:38:in `instance_eval'
  activesupport (4.2.8) lib/active_support/lazy_load_hooks.rb:38:in `execute_hook'
  activesupport (4.2.8) lib/active_support/lazy_load_hooks.rb:45:in `block in run_load_hooks'
  activesupport (4.2.8) lib/active_support/lazy_load_hooks.rb:44:in `each'
  activesupport (4.2.8) lib/active_support/lazy_load_hooks.rb:44:in `run_load_hooks'
  activerecord (4.2.8) lib/active_record/base.rb:315:in `<module:ActiveRecord>'
  activerecord (4.2.8) lib/active_record/base.rb:26:in `<top (required)>'
  activesupport (4.2.8) lib/active_support/dependencies.rb:274:in `require'
  activesupport (4.2.8) lib/active_support/dependencies.rb:274:in `block in require'
  activesupport (4.2.8) lib/active_support/dependencies.rb:240:in `load_dependency'
  activesupport (4.2.8) lib/active_support/dependencies.rb:274:in `require'
  activerecord (4.2.8) lib/active_record/migration.rb:383:in `connection'
  activerecord (4.2.8) lib/active_record/migration.rb:370:in `call'
  actionpack (4.2.8) lib/action_dispatch/middleware/callbacks.rb:29:in `block in call'
  activesupport (4.2.8) lib/active_support/callbacks.rb:88:in `__run_callbacks__'
  activesupport (4.2.8) lib/active_support/callbacks.rb:778:in `_run_call_callbacks'
  activesupport (4.2.8) lib/active_support/callbacks.rb:81:in `run_callbacks'
  actionpack (4.2.8) lib/action_dispatch/middleware/callbacks.rb:27:in `call'
  actionpack (4.2.8) lib/action_dispatch/middleware/reloader.rb:73:in `call'
  actionpack (4.2.8) lib/action_dispatch/middleware/remote_ip.rb:78:in `call'
  actionpack (4.2.8) lib/action_dispatch/middleware/debug_exceptions.rb:17:in `call'
  web-console (2.3.0) lib/web_console/middleware.rb:28:in `block in call'
  web-console (2.3.0) lib/web_console/middleware.rb:18:in `catch'
  web-console (2.3.0) lib/web_console/middleware.rb:18:in `call'
  actionpack (4.2.8) lib/action_dispatch/middleware/show_exceptions.rb:30:in `call'
  railties (4.2.8) lib/rails/rack/logger.rb:38:in `call_app'
  railties (4.2.8) lib/rails/rack/logger.rb:20:in `block in call'
  activesupport (4.2.8) lib/active_support/tagged_logging.rb:68:in `block in tagged'
  activesupport (4.2.8) lib/active_support/tagged_logging.rb:26:in `tagged'
  activesupport (4.2.8) lib/active_support/tagged_logging.rb:68:in `tagged'
  railties (4.2.8) lib/rails/rack/logger.rb:20:in `call'
  actionpack (4.2.8) lib/action_dispatch/middleware/request_id.rb:21:in `call'
  rack (1.6.13) lib/rack/methodoverride.rb:22:in `call'
  rack (1.6.13) lib/rack/runtime.rb:18:in `call'
  activesupport (4.2.8) lib/active_support/cache/strategy/local_cache_middleware.rb:28:in `call'
  rack (1.6.13) lib/rack/lock.rb:17:in `call'
  actionpack (4.2.8) lib/action_dispatch/middleware/static.rb:120:in `call'
  rack (1.6.13) lib/rack/sendfile.rb:113:in `call'
  railties (4.2.8) lib/rails/engine.rb:518:in `call'
  railties (4.2.8) lib/rails/application.rb:165:in `call'
  rack (1.6.13) lib/rack/content_length.rb:15:in `call'
  puma (3.11.4) lib/puma/configuration.rb:225:in `call'
  puma (3.11.4) lib/puma/server.rb:632:in `handle_request'
  puma (3.11.4) lib/puma/server.rb:446:in `process_client'
  puma (3.11.4) lib/puma/server.rb:306:in `block in run'
  puma (3.11.4) lib/puma/thread_pool.rb:120:in `block in spawn_thread'


  Rendered /home/elly/.rbenv/versions/2.5.1/lib/ruby/gems/2.5.0/gems/actionpack-4.2.8/lib/action_dispatch/middleware/templates/rescues/_source.erb (4.4ms)
  Rendered /home/elly/.rbenv/versions/2.5.1/lib/ruby/gems/2.5.0/gems/actionpack-4.2.8/lib/action_dispatch/middleware/templates/rescues/_trace.html.erb (3.1ms)
  Rendered /home/elly/.rbenv/versions/2.5.1/lib/ruby/gems/2.5.0/gems/actionpack-4.2.8/lib/action_dispatch/middleware/templates/rescues/_request_and_response.html.erb (1.0ms)
  Rendered /home/elly/.rbenv/versions/2.5.1/lib/ruby/gems/2.5.0/gems/actionpack-4.2.8/lib/action_dispatch/middleware/templates/rescues/diagnostics.html.erb within rescues/layout (22.6ms)
  Rendered /home/elly/.rbenv/versions/2.5.1/lib/ruby/gems/2.5.0/gems/web-console-2.3.0/lib/web_console/templates/_markup.html.erb (0.2ms)
  Rendered /home/elly/.rbenv/versions/2.5.1/lib/ruby/gems/2.5.0/gems/web-console-2.3.0/lib/web_console/templates/_inner_console_markup.html.erb within layouts/inlined_string (0.7ms)
  Rendered /home/elly/.rbenv/versions/2.5.1/lib/ruby/gems/2.5.0/gems/web-console-2.3.0/lib/web_console/templates/_prompt_box_markup.html.erb within layouts/inlined_string (0.2ms)
  Rendered /home/elly/.rbenv/versions/2.5.1/lib/ruby/gems/2.5.0/gems/web-console-2.3.0/lib/web_console/templates/style.css.erb within layouts/inlined_string (0.2ms)
  Rendered /home/elly/.rbenv/versions/2.5.1/lib/ruby/gems/2.5.0/gems/web-console-2.3.0/lib/web_console/templates/console.js.erb within layouts/javascript (23.3ms)
  Rendered /home/elly/.rbenv/versions/2.5.1/lib/ruby/gems/2.5.0/gems/web-console-2.3.0/lib/web_console/templates/main.js.erb within layouts/javascript (0.2ms)
  Rendered /home/elly/.rbenv/versions/2.5.1/lib/ruby/gems/2.5.0/gems/web-console-2.3.0/lib/web_console/templates/error_page.js.erb within layouts/javascript (0.3ms)
  Rendered /home/elly/.rbenv/versions/2.5.1/lib/ruby/gems/2.5.0/gems/web-console-2.3.0/lib/web_console/templates/index.html.erb (41.8ms)


Started GET "/" for ::1 at 2021-06-08 16:31:48 -0700

ActiveRecord::ConnectionNotEstablished (No connection pool for ActiveRecord::Base):
  activerecord (4.2.8) lib/active_record/connection_adapters/abstract/connection_pool.rb:570:in `retrieve_connection'
  activerecord (4.2.8) lib/active_record/connection_handling.rb:113:in `retrieve_connection'
  activerecord (4.2.8) lib/active_record/connection_handling.rb:87:in `connection'
  activerecord (4.2.8) lib/active_record/migration.rb:383:in `connection'
  activerecord (4.2.8) lib/active_record/migration.rb:370:in `call'
  actionpack (4.2.8) lib/action_dispatch/middleware/callbacks.rb:29:in `block in call'
  activesupport (4.2.8) lib/active_support/callbacks.rb:88:in `__run_callbacks__'
  activesupport (4.2.8) lib/active_support/callbacks.rb:778:in `_run_call_callbacks'
  activesupport (4.2.8) lib/active_support/callbacks.rb:81:in `run_callbacks'
  actionpack (4.2.8) lib/action_dispatch/middleware/callbacks.rb:27:in `call'
  actionpack (4.2.8) lib/action_dispatch/middleware/reloader.rb:73:in `call'
  actionpack (4.2.8) lib/action_dispatch/middleware/remote_ip.rb:78:in `call'
  actionpack (4.2.8) lib/action_dispatch/middleware/debug_exceptions.rb:17:in `call'
  web-console (2.3.0) lib/web_console/middleware.rb:28:in `block in call'
  web-console (2.3.0) lib/web_console/middleware.rb:18:in `catch'
  web-console (2.3.0) lib/web_console/middleware.rb:18:in `call'
  actionpack (4.2.8) lib/action_dispatch/middleware/show_exceptions.rb:30:in `call'
  railties (4.2.8) lib/rails/rack/logger.rb:38:in `call_app'
  railties (4.2.8) lib/rails/rack/logger.rb:20:in `block in call'
  activesupport (4.2.8) lib/active_support/tagged_logging.rb:68:in `block in tagged'
  activesupport (4.2.8) lib/active_support/tagged_logging.rb:26:in `tagged'
  activesupport (4.2.8) lib/active_support/tagged_logging.rb:68:in `tagged'
  railties (4.2.8) lib/rails/rack/logger.rb:20:in `call'
  actionpack (4.2.8) lib/action_dispatch/middleware/request_id.rb:21:in `call'
  rack (1.6.13) lib/rack/methodoverride.rb:22:in `call'
  rack (1.6.13) lib/rack/runtime.rb:18:in `call'
  activesupport (4.2.8) lib/active_support/cache/strategy/local_cache_middleware.rb:28:in `call'
  rack (1.6.13) lib/rack/lock.rb:17:in `call'
  actionpack (4.2.8) lib/action_dispatch/middleware/static.rb:120:in `call'
  rack (1.6.13) lib/rack/sendfile.rb:113:in `call'
  railties (4.2.8) lib/rails/engine.rb:518:in `call'
  railties (4.2.8) lib/rails/application.rb:165:in `call'
  rack (1.6.13) lib/rack/content_length.rb:15:in `call'
  puma (3.11.4) lib/puma/configuration.rb:225:in `call'
  puma (3.11.4) lib/puma/server.rb:632:in `handle_request'
  puma (3.11.4) lib/puma/server.rb:446:in `process_client'
  puma (3.11.4) lib/puma/server.rb:306:in `block in run'
  puma (3.11.4) lib/puma/thread_pool.rb:120:in `block in spawn_thread'


  Rendered /home/elly/.rbenv/versions/2.5.1/lib/ruby/gems/2.5.0/gems/actionpack-4.2.8/lib/action_dispatch/middleware/templates/rescues/_source.erb (2.2ms)
  Rendered /home/elly/.rbenv/versions/2.5.1/lib/ruby/gems/2.5.0/gems/actionpack-4.2.8/lib/action_dispatch/middleware/templates/rescues/_trace.html.erb (1.6ms)
  Rendered /home/elly/.rbenv/versions/2.5.1/lib/ruby/gems/2.5.0/gems/actionpack-4.2.8/lib/action_dispatch/middleware/templates/rescues/_request_and_response.html.erb (1.0ms)
  Rendered /home/elly/.rbenv/versions/2.5.1/lib/ruby/gems/2.5.0/gems/actionpack-4.2.8/lib/action_dispatch/middleware/templates/rescues/diagnostics.html.erb within rescues/layout (21.5ms)
  Rendered /home/elly/.rbenv/versions/2.5.1/lib/ruby/gems/2.5.0/gems/web-console-2.3.0/lib/web_console/templates/_markup.html.erb (0.3ms)
  Rendered /home/elly/.rbenv/versions/2.5.1/lib/ruby/gems/2.5.0/gems/web-console-2.3.0/lib/web_console/templates/_inner_console_markup.html.erb within layouts/inlined_string (0.4ms)
  Rendered /home/elly/.rbenv/versions/2.5.1/lib/ruby/gems/2.5.0/gems/web-console-2.3.0/lib/web_console/templates/_prompt_box_markup.html.erb within layouts/inlined_string (0.2ms)
  Rendered /home/elly/.rbenv/versions/2.5.1/lib/ruby/gems/2.5.0/gems/web-console-2.3.0/lib/web_console/templates/style.css.erb within layouts/inlined_string (0.4ms)
  Rendered /home/elly/.rbenv/versions/2.5.1/lib/ruby/gems/2.5.0/gems/web-console-2.3.0/lib/web_console/templates/console.js.erb within layouts/javascript (18.8ms)
  Rendered /home/elly/.rbenv/versions/2.5.1/lib/ruby/gems/2.5.0/gems/web-console-2.3.0/lib/web_console/templates/main.js.erb within layouts/javascript (0.3ms)
  Rendered /home/elly/.rbenv/versions/2.5.1/lib/ruby/gems/2.5.0/gems/web-console-2.3.0/lib/web_console/templates/error_page.js.erb within layouts/javascript (0.4ms)
  Rendered /home/elly/.rbenv/versions/2.5.1/lib/ruby/gems/2.5.0/gems/web-console-2.3.0/lib/web_console/templates/index.html.erb (37.8ms)


Started GET "/" for ::1 at 2021-06-08 16:31:51 -0700

ActiveRecord::ConnectionNotEstablished (No connection pool for ActiveRecord::Base):
  activerecord (4.2.8) lib/active_record/connection_adapters/abstract/connection_pool.rb:570:in `retrieve_connection'
  activerecord (4.2.8) lib/active_record/connection_handling.rb:113:in `retrieve_connection'
  activerecord (4.2.8) lib/active_record/connection_handling.rb:87:in `connection'
  activerecord (4.2.8) lib/active_record/migration.rb:383:in `connection'
  activerecord (4.2.8) lib/active_record/migration.rb:370:in `call'
  actionpack (4.2.8) lib/action_dispatch/middleware/callbacks.rb:29:in `block in call'
  activesupport (4.2.8) lib/active_support/callbacks.rb:88:in `__run_callbacks__'
  activesupport (4.2.8) lib/active_support/callbacks.rb:778:in `_run_call_callbacks'
  activesupport (4.2.8) lib/active_support/callbacks.rb:81:in `run_callbacks'
  actionpack (4.2.8) lib/action_dispatch/middleware/callbacks.rb:27:in `call'
  actionpack (4.2.8) lib/action_dispatch/middleware/reloader.rb:73:in `call'
  actionpack (4.2.8) lib/action_dispatch/middleware/remote_ip.rb:78:in `call'
  actionpack (4.2.8) lib/action_dispatch/middleware/debug_exceptions.rb:17:in `call'
  web-console (2.3.0) lib/web_console/middleware.rb:28:in `block in call'
  web-console (2.3.0) lib/web_console/middleware.rb:18:in `catch'
  web-console (2.3.0) lib/web_console/middleware.rb:18:in `call'
  actionpack (4.2.8) lib/action_dispatch/middleware/show_exceptions.rb:30:in `call'
  railties (4.2.8) lib/rails/rack/logger.rb:38:in `call_app'
  railties (4.2.8) lib/rails/rack/logger.rb:20:in `block in call'
  activesupport (4.2.8) lib/active_support/tagged_logging.rb:68:in `block in tagged'
  activesupport (4.2.8) lib/active_support/tagged_logging.rb:26:in `tagged'
  activesupport (4.2.8) lib/active_support/tagged_logging.rb:68:in `tagged'
  railties (4.2.8) lib/rails/rack/logger.rb:20:in `call'
  actionpack (4.2.8) lib/action_dispatch/middleware/request_id.rb:21:in `call'
  rack (1.6.13) lib/rack/methodoverride.rb:22:in `call'
  rack (1.6.13) lib/rack/runtime.rb:18:in `call'
  activesupport (4.2.8) lib/active_support/cache/strategy/local_cache_middleware.rb:28:in `call'
  rack (1.6.13) lib/rack/lock.rb:17:in `call'
  actionpack (4.2.8) lib/action_dispatch/middleware/static.rb:120:in `call'
  rack (1.6.13) lib/rack/sendfile.rb:113:in `call'
  railties (4.2.8) lib/rails/engine.rb:518:in `call'
  railties (4.2.8) lib/rails/application.rb:165:in `call'
  rack (1.6.13) lib/rack/content_length.rb:15:in `call'
  puma (3.11.4) lib/puma/configuration.rb:225:in `call'
  puma (3.11.4) lib/puma/server.rb:632:in `handle_request'
  puma (3.11.4) lib/puma/server.rb:446:in `process_client'
  puma (3.11.4) lib/puma/server.rb:306:in `block in run'
  puma (3.11.4) lib/puma/thread_pool.rb:120:in `block in spawn_thread'


  Rendered /home/elly/.rbenv/versions/2.5.1/lib/ruby/gems/2.5.0/gems/actionpack-4.2.8/lib/action_dispatch/middleware/templates/rescues/_source.erb (2.3ms)
  Rendered /home/elly/.rbenv/versions/2.5.1/lib/ruby/gems/2.5.0/gems/actionpack-4.2.8/lib/action_dispatch/middleware/templates/rescues/_trace.html.erb (1.7ms)
  Rendered /home/elly/.rbenv/versions/2.5.1/lib/ruby/gems/2.5.0/gems/actionpack-4.2.8/lib/action_dispatch/middleware/templates/rescues/_request_and_response.html.erb (0.9ms)
  Rendered /home/elly/.rbenv/versions/2.5.1/lib/ruby/gems/2.5.0/gems/actionpack-4.2.8/lib/action_dispatch/middleware/templates/rescues/diagnostics.html.erb within rescues/layout (20.7ms)
  Rendered /home/elly/.rbenv/versions/2.5.1/lib/ruby/gems/2.5.0/gems/web-console-2.3.0/lib/web_console/templates/_markup.html.erb (0.3ms)
  Rendered /home/elly/.rbenv/versions/2.5.1/lib/ruby/gems/2.5.0/gems/web-console-2.3.0/lib/web_console/templates/_inner_console_markup.html.erb within layouts/inlined_string (0.4ms)
  Rendered /home/elly/.rbenv/versions/2.5.1/lib/ruby/gems/2.5.0/gems/web-console-2.3.0/lib/web_console/templates/_prompt_box_markup.html.erb within layouts/inlined_string (0.2ms)
  Rendered /home/elly/.rbenv/versions/2.5.1/lib/ruby/gems/2.5.0/gems/web-console-2.3.0/lib/web_console/templates/style.css.erb within layouts/inlined_string (0.2ms)
  Rendered /home/elly/.rbenv/versions/2.5.1/lib/ruby/gems/2.5.0/gems/web-console-2.3.0/lib/web_console/templates/console.js.erb within layouts/javascript (17.7ms)
  Rendered /home/elly/.rbenv/versions/2.5.1/lib/ruby/gems/2.5.0/gems/web-console-2.3.0/lib/web_console/templates/main.js.erb within layouts/javascript (0.2ms)
  Rendered /home/elly/.rbenv/versions/2.5.1/lib/ruby/gems/2.5.0/gems/web-console-2.3.0/lib/web_console/templates/error_page.js.erb within layouts/javascript (0.3ms)
  Rendered /home/elly/.rbenv/versions/2.5.1/lib/ruby/gems/2.5.0/gems/web-console-2.3.0/lib/web_console/templates/index.html.erb (36.0ms)
  [1m[36m (3.5ms)[0m  [1mCREATE TABLE "schema_migrations" ("version" varchar NOT NULL) [0m
  [1m[35m (0.1ms)[0m  select sqlite_version(*)
  [1m[36m (3.6ms)[0m  [1mCREATE UNIQUE INDEX "unique_schema_migrations" ON "schema_migrations" ("version")[0m
  [1m[35mActiveRecord::SchemaMigration Load (0.1ms)[0m  SELECT "schema_migrations".* FROM "schema_migrations"
Migrating to CreateMessages (20150327005752)
  [1m[36m (0.1ms)[0m  [1mbegin transaction[0m
  [1m[35m (0.2ms)[0m  CREATE TABLE "messages" ("id" INTEGER PRIMARY KEY AUTOINCREMENT NOT NULL, "author" varchar, "text" varchar, "created_at" datetime NOT NULL, "updated_at" datetime NOT NULL) 
  [1m[36mSQL (0.1ms)[0m  [1mINSERT INTO "schema_migrations" ("version") VALUES (?)[0m  [["version", "20150327005752"]]
  [1m[35m (3.3ms)[0m  commit transaction
  [1m[36mActiveRecord::SchemaMigration Load (0.1ms)[0m  [1mSELECT "schema_migrations".* FROM "schema_migrations"[0m


Started GET "/" for ::1 at 2021-06-08 16:36:25 -0700
  [1m[36mActiveRecord::SchemaMigration Load (0.1ms)[0m  [1mSELECT "schema_migrations".* FROM "schema_migrations"[0m
Processing by MessagesController#index as HTML
  [1m[35mMessage Load (0.1ms)[0m  SELECT "messages".* FROM "messages"
  Rendered messages/index.html.erb within layouts/application (1.7ms)
Completed 200 OK in 2514ms (Views: 508.5ms | ActiveRecord: 0.2ms)


Started GET "/assets/messages.self-e3b0c44298fc1c149afbf4c8996fb92427ae41e4649b934ca495991b7852b855.css?body=1" for ::1 at 2021-06-08 16:36:27 -0700


Started GET "/assets/turbolinks.self-569ee74eaa15c1e2019317ff770b8769b1ec033a0f572a485f64c82ddc8f989e.js?body=1" for ::1 at 2021-06-08 16:36:27 -0700


Started GET "/assets/application.self-4eb5338f9a944015178a8b2d4c15eecd22b5130e2eff5c6c1d353c48dc70b934.css?body=1" for ::1 at 2021-06-08 16:36:27 -0700


Started GET "/assets/jquery_ujs.self-784a997f6726036b1993eb2217c9cb558e1cbb801c6da88105588c56f13b466a.js?body=1" for ::1 at 2021-06-08 16:36:27 -0700


Started GET "/assets/bundle.self-49468e21e1cc74b844dd2b6e5dba4288649a28b2664209f039c40c97d6f456ba.js?body=1" for ::1 at 2021-06-08 16:36:27 -0700


Started GET "/assets/jquery.self-bd7ddd393353a8d2480a622e80342adf488fb6006d667e8b42e4c0073393abee.js?body=1" for ::1 at 2021-06-08 16:36:27 -0700


Started GET "/assets/application.self-3a3c8b61bda630ee689740ce7cbd0dd8ea6fdd45e2c42eef4661ab38cf268afe.js?body=1" for ::1 at 2021-06-08 16:36:27 -0700


Started GET "/assets/messages.self-877aef30ae1b040ab8a3aba4e3e309a11d7f2612f44dde450b5c157aa5f95c05.js?body=1" for ::1 at 2021-06-08 16:36:27 -0700


Started POST "/messages" for ::1 at 2021-06-08 16:36:46 -0700
Processing by MessagesController#create as JSON
  Parameters: {"authenticity_token"=>"HE/cTq5h7Y+8CfShbC87iRwP+prj7OF/lIioIOtt00mQ5Lez6U2MZi0Iks8yRkQ+vQrhcSOdg3EAQ9akHDjSKw==", "message"=>{"author"=>"fdsa", "text"=>"fwefa"}}
  [1m[36m (0.0ms)[0m  [1mbegin transaction[0m
  [1m[35mSQL (0.2ms)[0m  INSERT INTO "messages" ("author", "text", "created_at", "updated_at") VALUES (?, ?, ?, ?)  [["author", "fdsa"], ["text", "fwefa"], ["created_at", "2021-06-08 23:36:48.150161"], ["updated_at", "2021-06-08 23:36:48.150161"]]
  [1m[36m (7.3ms)[0m  [1mcommit transaction[0m
Completed 200 OK in 2015ms (Views: 0.3ms | ActiveRecord: 7.8ms)


Started GET "/" for ::1 at 2021-06-08 16:39:34 -0700
Processing by MessagesController#index as HTML
  [1m[35mMessage Load (0.1ms)[0m  SELECT "messages".* FROM "messages"
  Rendered messages/index.html.erb within layouts/application (0.8ms)
Completed 200 OK in 2081ms (Views: 80.1ms | ActiveRecord: 0.1ms)


Started GET "/assets/bundle.self-758f44c03241167497c536e99c0bd2ba6f654f8c15ad1d4253f44059279ee015.js?body=1" for ::1 at 2021-06-08 16:39:36 -0700


Started GET "/" for ::1 at 2021-06-11 09:24:20 -0700
  [1m[36mActiveRecord::SchemaMigration Load (0.1ms)[0m  [1mSELECT "schema_migrations".* FROM "schema_migrations"[0m
Processing by MessagesController#index as HTML
  [1m[35mMessage Load (0.1ms)[0m  SELECT "messages".* FROM "messages"
  Rendered messages/index.html.erb within layouts/application (3.7ms)
Completed 200 OK in 2196ms (Views: 179.1ms | ActiveRecord: 0.3ms)


Started POST "/messages" for ::1 at 2021-06-11 09:24:33 -0700
Processing by MessagesController#create as JSON
  Parameters: {"authenticity_token"=>"QVdolZwLyPb3IDNQnrsxhchcefbfd3HVHoDLJtP9XkSZ9cicFRpbDZ0XtVuKUlyzfs90/0NPPTqtbwPg1f+CXw==", "message"=>{"author"=>"elliot", "text"=>"welcome back"}}
  [1m[36m (0.1ms)[0m  [1mbegin transaction[0m
  [1m[35mSQL (0.3ms)[0m  INSERT INTO "messages" ("author", "text", "created_at", "updated_at") VALUES (?, ?, ?, ?)  [["author", "elliot"], ["text", "welcome back"], ["created_at", "2021-06-11 16:24:35.393919"], ["updated_at", "2021-06-11 16:24:35.393919"]]
  [1m[36m (3.0ms)[0m  [1mcommit transaction[0m
Completed 200 OK in 2009ms (Views: 0.3ms | ActiveRecord: 3.3ms)


Started GET "/" for ::1 at 2021-06-11 09:25:53 -0700
Processing by MessagesController#index as HTML
  [1m[35mMessage Load (0.1ms)[0m  SELECT "messages".* FROM "messages"
  Rendered messages/index.html.erb within layouts/application (0.8ms)
Completed 200 OK in 2032ms (Views: 31.6ms | ActiveRecord: 0.1ms)


Started GET "/" for ::1 at 2021-06-11 09:28:57 -0700
Processing by MessagesController#index as HTML
  [1m[36mMessage Load (0.1ms)[0m  [1mSELECT "messages".* FROM "messages"[0m
  Rendered messages/index.html.erb within layouts/application (0.6ms)
Completed 200 OK in 2060ms (Views: 59.2ms | ActiveRecord: 0.1ms)


Started GET "/assets/bundle.self-255ad2f74f5c5047c9f87f352c2a45997b773fbec61566bf69d5eb937590d036.js?body=1" for ::1 at 2021-06-11 09:28:59 -0700


Started POST "/messages" for ::1 at 2021-06-11 09:29:05 -0700
Processing by MessagesController#create as JSON
  Parameters: {"authenticity_token"=>"5aA10VKOTNeviEjpPjKq1prdhAs6oFESw9WSTt0F+fo9ApXY25/fLMW/zuIq28fgLE6JAqaYHf1wOlqI2wcl4Q==", "message"=>{"author"=>"fdsa", "text"=>"finally!"}}
  [1m[35m (0.1ms)[0m  begin transaction
  [1m[36mSQL (0.2ms)[0m  [1mINSERT INTO "messages" ("author", "text", "created_at", "updated_at") VALUES (?, ?, ?, ?)[0m  [["author", "fdsa"], ["text", "finally!"], ["created_at", "2021-06-11 16:29:07.346058"], ["updated_at", "2021-06-11 16:29:07.346058"]]
  [1m[35m (3.6ms)[0m  commit transaction
Completed 200 OK in 2007ms (Views: 0.2ms | ActiveRecord: 4.0ms)


Started POST "/messages" for ::1 at 2021-06-11 09:51:56 -0700
Processing by MessagesController#create as JSON
  Parameters: {"authenticity_token"=>"5aA10VKOTNeviEjpPjKq1prdhAs6oFESw9WSTt0F+fo9ApXY25/fLMW/zuIq28fgLE6JAqaYHf1wOlqI2wcl4Q==", "message"=>{"author"=>"elliot", "text"=>"welcome back"}}
  [1m[36m (0.1ms)[0m  [1mbegin transaction[0m
  [1m[35mSQL (0.2ms)[0m  INSERT INTO "messages" ("author", "text", "created_at", "updated_at") VALUES (?, ?, ?, ?)  [["author", "elliot"], ["text", "welcome back"], ["created_at", "2021-06-11 16:51:58.912791"], ["updated_at", "2021-06-11 16:51:58.912791"]]
  [1m[36m (4.3ms)[0m  [1mcommit transaction[0m
Completed 200 OK in 2008ms (Views: 0.2ms | ActiveRecord: 4.6ms)


Started GET "/" for ::1 at 2021-06-11 10:01:17 -0700
Processing by MessagesController#index as HTML
  [1m[35mMessage Load (0.2ms)[0m  SELECT "messages".* FROM "messages"
  Rendered messages/index.html.erb within layouts/application (5.0ms)
Completed 200 OK in 2081ms (Views: 79.6ms | ActiveRecord: 0.4ms)


Started GET "/assets/application.self-a977fc5296ef1e5264bbba515a1f575bae80db6aee2b5ee4871ccb2c5f8f7c8d.css?body=1" for ::1 at 2021-06-11 10:01:19 -0700


Started GET "/assets/bundle.self-e3b0c44298fc1c149afbf4c8996fb92427ae41e4649b934ca495991b7852b855.js?body=1" for ::1 at 2021-06-11 10:01:19 -0700


Started GET "/" for ::1 at 2021-06-11 10:03:54 -0700
Processing by MessagesController#index as HTML
  [1m[36mMessage Load (0.2ms)[0m  [1mSELECT "messages".* FROM "messages"[0m
  Rendered messages/index.html.erb within layouts/application (1.2ms)
Completed 200 OK in 2025ms (Views: 24.3ms | ActiveRecord: 0.2ms)


Started GET "/assets/application.self-ac48aa1f7e378756ceb779c9862442e0258203b21f8006e20c88a7346b8321dc.css?body=1" for ::1 at 2021-06-11 10:03:56 -0700


Started GET "/" for ::1 at 2021-06-11 10:04:20 -0700
Processing by MessagesController#index as HTML
  [1m[35mMessage Load (0.2ms)[0m  SELECT "messages".* FROM "messages"
  Rendered messages/index.html.erb within layouts/application (0.9ms)
Completed 200 OK in 2012ms (Views: 11.2ms | ActiveRecord: 0.2ms)


Started GET "/assets/application.self-0122b287c8b2d61f5cb933711c78fe4f9f3981c560574ba310ca3926fe11a19a.css?body=1" for ::1 at 2021-06-11 10:04:22 -0700


Started GET "/" for ::1 at 2021-06-11 10:04:36 -0700
Processing by MessagesController#index as HTML
  [1m[36mMessage Load (0.1ms)[0m  [1mSELECT "messages".* FROM "messages"[0m
  Rendered messages/index.html.erb within layouts/application (0.7ms)
Completed 200 OK in 2013ms (Views: 12.0ms | ActiveRecord: 0.1ms)


Started GET "/assets/application.self-fca06bb4db35df7e79d0e2f420339316b85e1c50219fac60d81f640b3fd8ac63.css?body=1" for ::1 at 2021-06-11 10:04:38 -0700


Started GET "/" for ::1 at 2021-06-11 10:06:50 -0700
Processing by MessagesController#index as HTML
  [1m[35mMessage Load (0.1ms)[0m  SELECT "messages".* FROM "messages"
  Rendered messages/index.html.erb within layouts/application (0.6ms)
Completed 200 OK in 2014ms (Views: 13.5ms | ActiveRecord: 0.1ms)


Started GET "/" for ::1 at 2021-06-11 10:06:55 -0700
Processing by MessagesController#index as HTML
  [1m[36mMessage Load (0.1ms)[0m  [1mSELECT "messages".* FROM "messages"[0m
  Rendered messages/index.html.erb within layouts/application (0.7ms)
Completed 200 OK in 2010ms (Views: 9.2ms | ActiveRecord: 0.1ms)


Started GET "/" for ::1 at 2021-06-11 10:09:28 -0700
Processing by MessagesController#index as HTML
  [1m[35mMessage Load (0.2ms)[0m  SELECT "messages".* FROM "messages"
  Rendered messages/index.html.erb within layouts/application (0.9ms)
Completed 200 OK in 2017ms (Views: 16.3ms | ActiveRecord: 0.2ms)


Started GET "/assets/application.self-4ab1b6349accf0b9f2ddae2c52ebbc073b7e4577a166dff4944d8e7de1d5cd29.css?body=1" for ::1 at 2021-06-11 10:09:30 -0700


Started GET "/" for ::1 at 2021-06-11 10:11:23 -0700
Processing by MessagesController#index as HTML
  [1m[36mMessage Load (4.0ms)[0m  [1mSELECT "messages".* FROM "messages"[0m
  Rendered messages/index.html.erb within layouts/application (4.4ms)
Completed 200 OK in 2054ms (Views: 49.1ms | ActiveRecord: 4.0ms)


Started GET "/assets/bundle.self-cce86aea4bf047ad2327d50a60126d12325ec7a0079743ab0ebf6186ef0ea9d2.js?body=1" for ::1 at 2021-06-11 10:11:25 -0700


Started GET "/" for ::1 at 2021-06-11 11:22:35 -0700
Processing by MessagesController#index as HTML
  [1m[35mMessage Load (0.1ms)[0m  SELECT "messages".* FROM "messages"
  Rendered messages/index.html.erb within layouts/application (0.7ms)
Completed 200 OK in 2011ms (Views: 10.4ms | ActiveRecord: 0.1ms)


Started GET "/" for ::1 at 2021-06-11 11:29:55 -0700
Processing by MessagesController#index as HTML
  [1m[36mMessage Load (0.1ms)[0m  [1mSELECT "messages".* FROM "messages"[0m
  Rendered messages/index.html.erb within layouts/application (0.7ms)
Completed 200 OK in 2055ms (Views: 54.1ms | ActiveRecord: 0.1ms)


Started GET "/assets/bundle.self-9ad3ecc1ddf25a53a095bedcc013db96f6f678a39a009eb87b82c3f69a7ade00.js?body=1" for ::1 at 2021-06-11 11:29:57 -0700


Started GET "/" for ::1 at 2021-06-11 11:36:55 -0700
Processing by MessagesController#index as HTML
  [1m[35mMessage Load (0.2ms)[0m  SELECT "messages".* FROM "messages"
  Rendered messages/index.html.erb within layouts/application (0.8ms)
Completed 200 OK in 2059ms (Views: 57.8ms | ActiveRecord: 0.2ms)


Started GET "/assets/bundle.self-ab3abf2b42404c7fdc23390927c1ab60048af7e630e3c31707921c268820cf50.js?body=1" for ::1 at 2021-06-11 11:36:57 -0700


Started POST "/messages" for ::1 at 2021-06-11 11:37:02 -0700
Processing by MessagesController#create as JSON
  Parameters: {"authenticity_token"=>"583YpwS1j2CP3IzGSJhAbzN2fPsmldEYz//H4cZFoFY/b3iujaQcm+XrCs1ccS1ZheVx8rqtnfd8EA8nwEd8TQ==", "message"=>{"author"=>"elliot", "text"=>"fewa"}}
  [1m[36m (0.1ms)[0m  [1mbegin transaction[0m
  [1m[35mSQL (0.2ms)[0m  INSERT INTO "messages" ("author", "text", "created_at", "updated_at") VALUES (?, ?, ?, ?)  [["author", "elliot"], ["text", "fewa"], ["created_at", "2021-06-11 18:37:04.889915"], ["updated_at", "2021-06-11 18:37:04.889915"]]
  [1m[36m (14.2ms)[0m  [1mcommit transaction[0m
Completed 500 Internal Server Error in 2025ms (ActiveRecord: 14.4ms)

ActionView::MissingTemplate (Missing template messages/create, application/create with {:locale=>[:en], :formats=>[:json, :js, :html, :text, :js, :css, :ics, :csv, :vcf, :png, :jpeg, :gif, :bmp, :tiff, :mpeg, :xml, :rss, :atom, :yaml, :multipart_form, :url_encoded_form, :json, :pdf, :zip, :web_console_v2], :variants=>[], :handlers=>[:erb, :builder, :raw, :ruby, :coffee, :jbuilder]}. Searched in:
  * "/home/elly/Desktop/App Academy/Javascript/JS Fundamentals/AJAX/chat_demo/app/views"
):
  actionview (4.2.8) lib/action_view/path_set.rb:46:in `find'
  actionview (4.2.8) lib/action_view/lookup_context.rb:121:in `find'
  actionview (4.2.8) lib/action_view/renderer/abstract_renderer.rb:18:in `find_template'
  actionview (4.2.8) lib/action_view/renderer/template_renderer.rb:40:in `determine_template'
  actionview (4.2.8) lib/action_view/renderer/template_renderer.rb:8:in `render'
  actionview (4.2.8) lib/action_view/renderer/renderer.rb:46:in `render_template'
  actionview (4.2.8) lib/action_view/renderer/renderer.rb:27:in `render'
  actionview (4.2.8) lib/action_view/rendering.rb:100:in `_render_template'
  actionpack (4.2.8) lib/action_controller/metal/streaming.rb:217:in `_render_template'
  actionview (4.2.8) lib/action_view/rendering.rb:83:in `render_to_body'
  actionpack (4.2.8) lib/action_controller/metal/rendering.rb:32:in `render_to_body'
  actionpack (4.2.8) lib/action_controller/metal/renderers.rb:37:in `render_to_body'
  actionpack (4.2.8) lib/abstract_controller/rendering.rb:25:in `render'
  actionpack (4.2.8) lib/action_controller/metal/rendering.rb:16:in `render'
  actionpack (4.2.8) lib/action_controller/metal/instrumentation.rb:44:in `block (2 levels) in render'
  activesupport (4.2.8) lib/active_support/core_ext/benchmark.rb:12:in `block in ms'
  /home/elly/.rbenv/versions/2.5.1/lib/ruby/2.5.0/benchmark.rb:308:in `realtime'
  activesupport (4.2.8) lib/active_support/core_ext/benchmark.rb:12:in `ms'
  actionpack (4.2.8) lib/action_controller/metal/instrumentation.rb:44:in `block in render'
  actionpack (4.2.8) lib/action_controller/metal/instrumentation.rb:87:in `cleanup_view_runtime'
  activerecord (4.2.8) lib/active_record/railties/controller_runtime.rb:25:in `cleanup_view_runtime'
  actionpack (4.2.8) lib/action_controller/metal/instrumentation.rb:43:in `render'
  actionpack (4.2.8) lib/action_controller/metal/implicit_render.rb:10:in `default_render'
  actionpack (4.2.8) lib/action_controller/metal/implicit_render.rb:5:in `send_action'
  actionpack (4.2.8) lib/abstract_controller/base.rb:198:in `process_action'
  actionpack (4.2.8) lib/action_controller/metal/rendering.rb:10:in `process_action'
  actionpack (4.2.8) lib/abstract_controller/callbacks.rb:20:in `block in process_action'
  activesupport (4.2.8) lib/active_support/callbacks.rb:117:in `call'
  activesupport (4.2.8) lib/active_support/callbacks.rb:555:in `block (2 levels) in compile'
  activesupport (4.2.8) lib/active_support/callbacks.rb:505:in `call'
  activesupport (4.2.8) lib/active_support/callbacks.rb:92:in `__run_callbacks__'
  activesupport (4.2.8) lib/active_support/callbacks.rb:778:in `_run_process_action_callbacks'
  activesupport (4.2.8) lib/active_support/callbacks.rb:81:in `run_callbacks'
  actionpack (4.2.8) lib/abstract_controller/callbacks.rb:19:in `process_action'
  actionpack (4.2.8) lib/action_controller/metal/rescue.rb:29:in `process_action'
  actionpack (4.2.8) lib/action_controller/metal/instrumentation.rb:32:in `block in process_action'
  activesupport (4.2.8) lib/active_support/notifications.rb:164:in `block in instrument'
  activesupport (4.2.8) lib/active_support/notifications/instrumenter.rb:20:in `instrument'
  activesupport (4.2.8) lib/active_support/notifications.rb:164:in `instrument'
  actionpack (4.2.8) lib/action_controller/metal/instrumentation.rb:30:in `process_action'
  actionpack (4.2.8) lib/action_controller/metal/params_wrapper.rb:250:in `process_action'
  activerecord (4.2.8) lib/active_record/railties/controller_runtime.rb:18:in `process_action'
  actionpack (4.2.8) lib/abstract_controller/base.rb:137:in `process'
  actionview (4.2.8) lib/action_view/rendering.rb:30:in `process'
  actionpack (4.2.8) lib/action_controller/metal.rb:196:in `dispatch'
  actionpack (4.2.8) lib/action_controller/metal/rack_delegation.rb:13:in `dispatch'
  actionpack (4.2.8) lib/action_controller/metal.rb:237:in `block in action'
  actionpack (4.2.8) lib/action_dispatch/routing/route_set.rb:74:in `dispatch'
  actionpack (4.2.8) lib/action_dispatch/routing/route_set.rb:43:in `serve'
  actionpack (4.2.8) lib/action_dispatch/journey/router.rb:43:in `block in serve'
  actionpack (4.2.8) lib/action_dispatch/journey/router.rb:30:in `each'
  actionpack (4.2.8) lib/action_dispatch/journey/router.rb:30:in `serve'
  actionpack (4.2.8) lib/action_dispatch/routing/route_set.rb:817:in `call'
  rack (1.6.13) lib/rack/etag.rb:24:in `call'
  rack (1.6.13) lib/rack/conditionalget.rb:38:in `call'
  rack (1.6.13) lib/rack/head.rb:13:in `call'
  actionpack (4.2.8) lib/action_dispatch/middleware/params_parser.rb:27:in `call'
  actionpack (4.2.8) lib/action_dispatch/middleware/flash.rb:260:in `call'
  rack (1.6.13) lib/rack/session/abstract/id.rb:252:in `context'
  rack (1.6.13) lib/rack/session/abstract/id.rb:247:in `call'
  actionpack (4.2.8) lib/action_dispatch/middleware/cookies.rb:560:in `call'
  activerecord (4.2.8) lib/active_record/query_cache.rb:36:in `call'
  activerecord (4.2.8) lib/active_record/connection_adapters/abstract/connection_pool.rb:653:in `call'
  activerecord (4.2.8) lib/active_record/migration.rb:377:in `call'
  actionpack (4.2.8) lib/action_dispatch/middleware/callbacks.rb:29:in `block in call'
  activesupport (4.2.8) lib/active_support/callbacks.rb:88:in `__run_callbacks__'
  activesupport (4.2.8) lib/active_support/callbacks.rb:778:in `_run_call_callbacks'
  activesupport (4.2.8) lib/active_support/callbacks.rb:81:in `run_callbacks'
  actionpack (4.2.8) lib/action_dispatch/middleware/callbacks.rb:27:in `call'
  actionpack (4.2.8) lib/action_dispatch/middleware/reloader.rb:73:in `call'
  actionpack (4.2.8) lib/action_dispatch/middleware/remote_ip.rb:78:in `call'
  actionpack (4.2.8) lib/action_dispatch/middleware/debug_exceptions.rb:17:in `call'
  web-console (2.3.0) lib/web_console/middleware.rb:28:in `block in call'
  web-console (2.3.0) lib/web_console/middleware.rb:18:in `catch'
  web-console (2.3.0) lib/web_console/middleware.rb:18:in `call'
  actionpack (4.2.8) lib/action_dispatch/middleware/show_exceptions.rb:30:in `call'
  railties (4.2.8) lib/rails/rack/logger.rb:38:in `call_app'
  railties (4.2.8) lib/rails/rack/logger.rb:20:in `block in call'
  activesupport (4.2.8) lib/active_support/tagged_logging.rb:68:in `block in tagged'
  activesupport (4.2.8) lib/active_support/tagged_logging.rb:26:in `tagged'
  activesupport (4.2.8) lib/active_support/tagged_logging.rb:68:in `tagged'
  railties (4.2.8) lib/rails/rack/logger.rb:20:in `call'
  actionpack (4.2.8) lib/action_dispatch/middleware/request_id.rb:21:in `call'
  rack (1.6.13) lib/rack/methodoverride.rb:22:in `call'
  rack (1.6.13) lib/rack/runtime.rb:18:in `call'
  activesupport (4.2.8) lib/active_support/cache/strategy/local_cache_middleware.rb:28:in `call'
  rack (1.6.13) lib/rack/lock.rb:17:in `call'
  actionpack (4.2.8) lib/action_dispatch/middleware/static.rb:120:in `call'
  rack (1.6.13) lib/rack/sendfile.rb:113:in `call'
  railties (4.2.8) lib/rails/engine.rb:518:in `call'
  railties (4.2.8) lib/rails/application.rb:165:in `call'
  rack (1.6.13) lib/rack/content_length.rb:15:in `call'
  puma (3.11.4) lib/puma/configuration.rb:225:in `call'
  puma (3.11.4) lib/puma/server.rb:632:in `handle_request'
  puma (3.11.4) lib/puma/server.rb:446:in `process_client'
  puma (3.11.4) lib/puma/server.rb:306:in `block in run'
  puma (3.11.4) lib/puma/thread_pool.rb:120:in `block in spawn_thread'


  Rendered /home/elly/.rbenv/versions/2.5.1/lib/ruby/gems/2.5.0/gems/actionpack-4.2.8/lib/action_dispatch/middleware/templates/rescues/missing_template.text.erb (0.2ms)


Started POST "/messages" for ::1 at 2021-06-11 11:37:04 -0700
Processing by MessagesController#create as JSON
  Parameters: {"authenticity_token"=>"583YpwS1j2CP3IzGSJhAbzN2fPsmldEYz//H4cZFoFY/b3iujaQcm+XrCs1ccS1ZheVx8rqtnfd8EA8nwEd8TQ==", "message"=>{"author"=>"elliot", "text"=>"fewa"}}
  [1m[35m (0.1ms)[0m  begin transaction
  [1m[36mSQL (0.2ms)[0m  [1mINSERT INTO "messages" ("author", "text", "created_at", "updated_at") VALUES (?, ?, ?, ?)[0m  [["author", "elliot"], ["text", "fewa"], ["created_at", "2021-06-11 18:37:06.975833"], ["updated_at", "2021-06-11 18:37:06.975833"]]
  [1m[35m (13.6ms)[0m  commit transaction
Completed 500 Internal Server Error in 2021ms (ActiveRecord: 13.9ms)

ActionView::MissingTemplate (Missing template messages/create, application/create with {:locale=>[:en], :formats=>[:json, :js, :html, :text, :js, :css, :ics, :csv, :vcf, :png, :jpeg, :gif, :bmp, :tiff, :mpeg, :xml, :rss, :atom, :yaml, :multipart_form, :url_encoded_form, :json, :pdf, :zip, :web_console_v2], :variants=>[], :handlers=>[:erb, :builder, :raw, :ruby, :coffee, :jbuilder]}. Searched in:
  * "/home/elly/Desktop/App Academy/Javascript/JS Fundamentals/AJAX/chat_demo/app/views"
):
  actionview (4.2.8) lib/action_view/path_set.rb:46:in `find'
  actionview (4.2.8) lib/action_view/lookup_context.rb:121:in `find'
  actionview (4.2.8) lib/action_view/renderer/abstract_renderer.rb:18:in `find_template'
  actionview (4.2.8) lib/action_view/renderer/template_renderer.rb:40:in `determine_template'
  actionview (4.2.8) lib/action_view/renderer/template_renderer.rb:8:in `render'
  actionview (4.2.8) lib/action_view/renderer/renderer.rb:46:in `render_template'
  actionview (4.2.8) lib/action_view/renderer/renderer.rb:27:in `render'
  actionview (4.2.8) lib/action_view/rendering.rb:100:in `_render_template'
  actionpack (4.2.8) lib/action_controller/metal/streaming.rb:217:in `_render_template'
  actionview (4.2.8) lib/action_view/rendering.rb:83:in `render_to_body'
  actionpack (4.2.8) lib/action_controller/metal/rendering.rb:32:in `render_to_body'
  actionpack (4.2.8) lib/action_controller/metal/renderers.rb:37:in `render_to_body'
  actionpack (4.2.8) lib/abstract_controller/rendering.rb:25:in `render'
  actionpack (4.2.8) lib/action_controller/metal/rendering.rb:16:in `render'
  actionpack (4.2.8) lib/action_controller/metal/instrumentation.rb:44:in `block (2 levels) in render'
  activesupport (4.2.8) lib/active_support/core_ext/benchmark.rb:12:in `block in ms'
  /home/elly/.rbenv/versions/2.5.1/lib/ruby/2.5.0/benchmark.rb:308:in `realtime'
  activesupport (4.2.8) lib/active_support/core_ext/benchmark.rb:12:in `ms'
  actionpack (4.2.8) lib/action_controller/metal/instrumentation.rb:44:in `block in render'
  actionpack (4.2.8) lib/action_controller/metal/instrumentation.rb:87:in `cleanup_view_runtime'
  activerecord (4.2.8) lib/active_record/railties/controller_runtime.rb:25:in `cleanup_view_runtime'
  actionpack (4.2.8) lib/action_controller/metal/instrumentation.rb:43:in `render'
  actionpack (4.2.8) lib/action_controller/metal/implicit_render.rb:10:in `default_render'
  actionpack (4.2.8) lib/action_controller/metal/implicit_render.rb:5:in `send_action'
  actionpack (4.2.8) lib/abstract_controller/base.rb:198:in `process_action'
  actionpack (4.2.8) lib/action_controller/metal/rendering.rb:10:in `process_action'
  actionpack (4.2.8) lib/abstract_controller/callbacks.rb:20:in `block in process_action'
  activesupport (4.2.8) lib/active_support/callbacks.rb:117:in `call'
  activesupport (4.2.8) lib/active_support/callbacks.rb:555:in `block (2 levels) in compile'
  activesupport (4.2.8) lib/active_support/callbacks.rb:505:in `call'
  activesupport (4.2.8) lib/active_support/callbacks.rb:92:in `__run_callbacks__'
  activesupport (4.2.8) lib/active_support/callbacks.rb:778:in `_run_process_action_callbacks'
  activesupport (4.2.8) lib/active_support/callbacks.rb:81:in `run_callbacks'
  actionpack (4.2.8) lib/abstract_controller/callbacks.rb:19:in `process_action'
  actionpack (4.2.8) lib/action_controller/metal/rescue.rb:29:in `process_action'
  actionpack (4.2.8) lib/action_controller/metal/instrumentation.rb:32:in `block in process_action'
  activesupport (4.2.8) lib/active_support/notifications.rb:164:in `block in instrument'
  activesupport (4.2.8) lib/active_support/notifications/instrumenter.rb:20:in `instrument'
  activesupport (4.2.8) lib/active_support/notifications.rb:164:in `instrument'
  actionpack (4.2.8) lib/action_controller/metal/instrumentation.rb:30:in `process_action'
  actionpack (4.2.8) lib/action_controller/metal/params_wrapper.rb:250:in `process_action'
  activerecord (4.2.8) lib/active_record/railties/controller_runtime.rb:18:in `process_action'
  actionpack (4.2.8) lib/abstract_controller/base.rb:137:in `process'
  actionview (4.2.8) lib/action_view/rendering.rb:30:in `process'
  actionpack (4.2.8) lib/action_controller/metal.rb:196:in `dispatch'
  actionpack (4.2.8) lib/action_controller/metal/rack_delegation.rb:13:in `dispatch'
  actionpack (4.2.8) lib/action_controller/metal.rb:237:in `block in action'
  actionpack (4.2.8) lib/action_dispatch/routing/route_set.rb:74:in `dispatch'
  actionpack (4.2.8) lib/action_dispatch/routing/route_set.rb:43:in `serve'
  actionpack (4.2.8) lib/action_dispatch/journey/router.rb:43:in `block in serve'
  actionpack (4.2.8) lib/action_dispatch/journey/router.rb:30:in `each'
  actionpack (4.2.8) lib/action_dispatch/journey/router.rb:30:in `serve'
  actionpack (4.2.8) lib/action_dispatch/routing/route_set.rb:817:in `call'
  rack (1.6.13) lib/rack/etag.rb:24:in `call'
  rack (1.6.13) lib/rack/conditionalget.rb:38:in `call'
  rack (1.6.13) lib/rack/head.rb:13:in `call'
  actionpack (4.2.8) lib/action_dispatch/middleware/params_parser.rb:27:in `call'
  actionpack (4.2.8) lib/action_dispatch/middleware/flash.rb:260:in `call'
  rack (1.6.13) lib/rack/session/abstract/id.rb:252:in `context'
  rack (1.6.13) lib/rack/session/abstract/id.rb:247:in `call'
  actionpack (4.2.8) lib/action_dispatch/middleware/cookies.rb:560:in `call'
  activerecord (4.2.8) lib/active_record/query_cache.rb:36:in `call'
  activerecord (4.2.8) lib/active_record/connection_adapters/abstract/connection_pool.rb:653:in `call'
  activerecord (4.2.8) lib/active_record/migration.rb:377:in `call'
  actionpack (4.2.8) lib/action_dispatch/middleware/callbacks.rb:29:in `block in call'
  activesupport (4.2.8) lib/active_support/callbacks.rb:88:in `__run_callbacks__'
  activesupport (4.2.8) lib/active_support/callbacks.rb:778:in `_run_call_callbacks'
  activesupport (4.2.8) lib/active_support/callbacks.rb:81:in `run_callbacks'
  actionpack (4.2.8) lib/action_dispatch/middleware/callbacks.rb:27:in `call'
  actionpack (4.2.8) lib/action_dispatch/middleware/reloader.rb:73:in `call'
  actionpack (4.2.8) lib/action_dispatch/middleware/remote_ip.rb:78:in `call'
  actionpack (4.2.8) lib/action_dispatch/middleware/debug_exceptions.rb:17:in `call'
  web-console (2.3.0) lib/web_console/middleware.rb:28:in `block in call'
  web-console (2.3.0) lib/web_console/middleware.rb:18:in `catch'
  web-console (2.3.0) lib/web_console/middleware.rb:18:in `call'
  actionpack (4.2.8) lib/action_dispatch/middleware/show_exceptions.rb:30:in `call'
  railties (4.2.8) lib/rails/rack/logger.rb:38:in `call_app'
  railties (4.2.8) lib/rails/rack/logger.rb:20:in `block in call'
  activesupport (4.2.8) lib/active_support/tagged_logging.rb:68:in `block in tagged'
  activesupport (4.2.8) lib/active_support/tagged_logging.rb:26:in `tagged'
  activesupport (4.2.8) lib/active_support/tagged_logging.rb:68:in `tagged'
  railties (4.2.8) lib/rails/rack/logger.rb:20:in `call'
  actionpack (4.2.8) lib/action_dispatch/middleware/request_id.rb:21:in `call'
  rack (1.6.13) lib/rack/methodoverride.rb:22:in `call'
  rack (1.6.13) lib/rack/runtime.rb:18:in `call'
  activesupport (4.2.8) lib/active_support/cache/strategy/local_cache_middleware.rb:28:in `call'
  rack (1.6.13) lib/rack/lock.rb:17:in `call'
  actionpack (4.2.8) lib/action_dispatch/middleware/static.rb:120:in `call'
  rack (1.6.13) lib/rack/sendfile.rb:113:in `call'
  railties (4.2.8) lib/rails/engine.rb:518:in `call'
  railties (4.2.8) lib/rails/application.rb:165:in `call'
  rack (1.6.13) lib/rack/content_length.rb:15:in `call'
  puma (3.11.4) lib/puma/configuration.rb:225:in `call'
  puma (3.11.4) lib/puma/server.rb:632:in `handle_request'
  puma (3.11.4) lib/puma/server.rb:446:in `process_client'
  puma (3.11.4) lib/puma/server.rb:306:in `block in run'
  puma (3.11.4) lib/puma/thread_pool.rb:120:in `block in spawn_thread'


  Rendered /home/elly/.rbenv/versions/2.5.1/lib/ruby/gems/2.5.0/gems/actionpack-4.2.8/lib/action_dispatch/middleware/templates/rescues/missing_template.text.erb (0.2ms)


Started GET "/" for ::1 at 2021-06-11 11:41:41 -0700
Processing by MessagesController#index as HTML
  [1m[36mMessage Load (0.4ms)[0m  [1mSELECT "messages".* FROM "messages"[0m
  Rendered messages/index.html.erb within layouts/application (3.5ms)
Completed 200 OK in 2018ms (Views: 15.2ms | ActiveRecord: 0.6ms)


Started POST "/messages" for ::1 at 2021-06-11 11:41:48 -0700
Processing by MessagesController#create as JSON
  Parameters: {"authenticity_token"=>"nNF+rlmGsoxnqANaqde0jXaaIUAx3/OdjHQBbEKWGU9Ec96n0Jchdw2fhVG9Ptm7wAksSa3nv3I/m8mqRJTFVA==", "message"=>{"author"=>"elliot", "text"=>"finally!"}}
  [1m[35m (0.1ms)[0m  begin transaction
  [1m[36mSQL (0.2ms)[0m  [1mINSERT INTO "messages" ("author", "text", "created_at", "updated_at") VALUES (?, ?, ?, ?)[0m  [["author", "elliot"], ["text", "finally!"], ["created_at", "2021-06-11 18:41:50.376306"], ["updated_at", "2021-06-11 18:41:50.376306"]]
  [1m[35m (3.4ms)[0m  commit transaction
Completed 200 OK in 2007ms (Views: 0.3ms | ActiveRecord: 3.6ms)


Started POST "/messages" for ::1 at 2021-06-11 11:42:43 -0700
Processing by MessagesController#create as JSON
  Parameters: {"authenticity_token"=>"nNF+rlmGsoxnqANaqde0jXaaIUAx3/OdjHQBbEKWGU9Ec96n0Jchdw2fhVG9Ptm7wAksSa3nv3I/m8mqRJTFVA==", "message"=>{"author"=>"elliot", "text"=>"finally!"}}
  [1m[36m (0.1ms)[0m  [1mbegin transaction[0m
  [1m[35mSQL (0.2ms)[0m  INSERT INTO "messages" ("author", "text", "created_at", "updated_at") VALUES (?, ?, ?, ?)  [["author", "elliot"], ["text", "finally!"], ["created_at", "2021-06-11 18:42:45.006177"], ["updated_at", "2021-06-11 18:42:45.006177"]]
  [1m[36m (13.6ms)[0m  [1mcommit transaction[0m
Completed 200 OK in 2016ms (Views: 0.3ms | ActiveRecord: 13.8ms)


Started GET "/" for ::1 at 2021-06-11 11:44:54 -0700
Processing by MessagesController#index as HTML
  [1m[35mMessage Load (0.2ms)[0m  SELECT "messages".* FROM "messages"
  Rendered messages/index.html.erb within layouts/application (0.8ms)
Completed 200 OK in 2052ms (Views: 51.1ms | ActiveRecord: 0.2ms)


Started GET "/assets/bundle.self-17e4fba2a6e796038b22791f078a090fafa1e5d2226347f84233d16082af7de3.js?body=1" for ::1 at 2021-06-11 11:44:56 -0700


Started POST "/messages" for ::1 at 2021-06-11 11:45:11 -0700
Processing by MessagesController#create as JSON
  Parameters: {"authenticity_token"=>"JfGkIYL1JqWicFHw1wGanZBpPyBwE5BEksQx6lVbFbX9UwQoC+S1XshH1/vD6PerJvoyKewr3KshK/ksU1nJrg==", "message"=>{"author"=>"elliot", "text"=>"omg"}}
  [1m[36m (0.1ms)[0m  [1mbegin transaction[0m
  [1m[35mSQL (0.1ms)[0m  INSERT INTO "messages" ("author", "text", "created_at", "updated_at") VALUES (?, ?, ?, ?)  [["author", "elliot"], ["text", "omg"], ["created_at", "2021-06-11 18:45:13.766872"], ["updated_at", "2021-06-11 18:45:13.766872"]]
  [1m[36m (3.7ms)[0m  [1mcommit transaction[0m
Completed 200 OK in 2006ms (Views: 0.2ms | ActiveRecord: 4.0ms)


Started GET "/" for ::1 at 2021-06-11 11:49:04 -0700
Processing by MessagesController#index as HTML
  [1m[35mMessage Load (0.1ms)[0m  SELECT "messages".* FROM "messages"
  Rendered messages/index.html.erb within layouts/application (0.8ms)
Completed 200 OK in 2059ms (Views: 58.1ms | ActiveRecord: 0.1ms)


Started GET "/assets/application.self-29d987faa6514775b58a35f53c569ec1c5450d0ce0ba16fb4e30391682c35ba6.css?body=1" for ::1 at 2021-06-11 11:49:06 -0700


Started GET "/assets/bundle.self-2f589cfdb56736b4831bc9c762e257f83cbc4186c4907eb3625a9d31284c35c5.js?body=1" for ::1 at 2021-06-11 11:49:06 -0700


Started POST "/messages" for ::1 at 2021-06-11 11:49:12 -0700
Processing by MessagesController#create as JSON
  Parameters: {"authenticity_token"=>"8nGZ4pUGGQcA9D435fDSjziw8/hV6FnjFUgGl3wi2AQq0znrHBeK/GrDuDzxGb+5jiP+8cnQFQymp85ReiAEHw==", "message"=>{"author"=>"elliot", "text"=>"whatttt"}}
  [1m[36m (0.1ms)[0m  [1mbegin transaction[0m
  [1m[35mSQL (0.2ms)[0m  INSERT INTO "messages" ("author", "text", "created_at", "updated_at") VALUES (?, ?, ?, ?)  [["author", "elliot"], ["text", "whatttt"], ["created_at", "2021-06-11 18:49:14.484371"], ["updated_at", "2021-06-11 18:49:14.484371"]]
  [1m[36m (14.0ms)[0m  [1mcommit transaction[0m
Completed 200 OK in 2017ms (Views: 0.2ms | ActiveRecord: 14.3ms)


Started GET "/" for ::1 at 2021-06-11 11:50:03 -0700
Processing by MessagesController#index as HTML
  [1m[35mMessage Load (0.1ms)[0m  SELECT "messages".* FROM "messages"
  Rendered messages/index.html.erb within layouts/application (0.8ms)
Completed 200 OK in 2017ms (Views: 16.6ms | ActiveRecord: 0.1ms)


Started GET "/assets/application.self-ae67a82f09efb378cbb372655ab2762681729ada5f0f85c192db958b39f87035.css?body=1" for ::1 at 2021-06-11 11:50:05 -0700


Started POST "/messages" for ::1 at 2021-06-11 11:50:10 -0700
Processing by MessagesController#create as JSON
  Parameters: {"authenticity_token"=>"i8UXwt5tjYRpItO7AeLOe2e4FVjdi3ZIoy4caCjV7s1TZ7fLV3wefwMVVbAVC6NN0SsYUUGzOqcQwdSuLtcy1g==", "message"=>{"author"=>"elliot", "text"=>"noooo"}}
  [1m[36m (0.1ms)[0m  [1mbegin transaction[0m
  [1m[35mSQL (0.1ms)[0m  INSERT INTO "messages" ("author", "text", "created_at", "updated_at") VALUES (?, ?, ?, ?)  [["author", "elliot"], ["text", "noooo"], ["created_at", "2021-06-11 18:50:12.213362"], ["updated_at", "2021-06-11 18:50:12.213362"]]
  [1m[36m (4.7ms)[0m  [1mcommit transaction[0m
Completed 200 OK in 2008ms (Views: 0.4ms | ActiveRecord: 4.9ms)


Started GET "/" for ::1 at 2021-06-11 11:50:20 -0700
Processing by MessagesController#index as HTML
  [1m[35mMessage Load (0.2ms)[0m  SELECT "messages".* FROM "messages"
  Rendered messages/index.html.erb within layouts/application (0.9ms)
Completed 200 OK in 2028ms (Views: 27.4ms | ActiveRecord: 0.2ms)


Started GET "/" for ::1 at 2021-06-11 11:59:03 -0700
Processing by MessagesController#index as HTML
  [1m[36mMessage Load (0.1ms)[0m  [1mSELECT "messages".* FROM "messages"[0m
  Rendered messages/index.html.erb within layouts/application (1.3ms)
Completed 200 OK in 2072ms (Views: 70.5ms | ActiveRecord: 0.1ms)


Started GET "/assets/bundle.self-42660551f10e7dca4621209cd289e23f80288b29919b76e2f368a6618b443b73.js?body=1" for ::1 at 2021-06-11 11:59:05 -0700


Started POST "/messages" for ::1 at 2021-06-11 11:59:11 -0700
Processing by MessagesController#create as JSON
  Parameters: {"authenticity_token"=>"cK8h7ftAmjGgRbsISm5OGiP75IeSn7n5U/6YRmncXF2oDYHkclEJyspyPQNehyMslWjpjg6n9RbgEVCAb96ARg==", "message"=>{"author"=>"elliot", "text"=>"finally!"}}
  [1m[35m (0.1ms)[0m  begin transaction
  [1m[36mSQL (0.1ms)[0m  [1mINSERT INTO "messages" ("author", "text", "created_at", "updated_at") VALUES (?, ?, ?, ?)[0m  [["author", "elliot"], ["text", "finally!"], ["created_at", "2021-06-11 18:59:13.623366"], ["updated_at", "2021-06-11 18:59:13.623366"]]
  [1m[35m (4.1ms)[0m  commit transaction
Completed 200 OK in 2007ms (Views: 0.2ms | ActiveRecord: 4.3ms)


Started GET "/" for ::1 at 2021-06-11 12:00:41 -0700
Processing by MessagesController#index as HTML
  [1m[36mMessage Load (0.1ms)[0m  [1mSELECT "messages".* FROM "messages"[0m
  Rendered messages/index.html.erb within layouts/application (0.7ms)
Completed 200 OK in 2015ms (Views: 14.6ms | ActiveRecord: 0.1ms)


Started POST "/messages" for ::1 at 2021-06-11 12:00:49 -0700
Processing by MessagesController#create as JSON
  Parameters: {"authenticity_token"=>"TPuiY6AehTvdJnZAr8ioCid5Lpbx79/gAJqbXz44wMPjpaUI6N65vYx336h1OzXa6xsQ9FymGs0NkeelrXypjw==", "message"=>{"author"=>"elliot", "text"=>"welcome back"}}
  [1m[35m (0.1ms)[0m  begin transaction
  [1m[36mSQL (0.2ms)[0m  [1mINSERT INTO "messages" ("author", "text", "created_at", "updated_at") VALUES (?, ?, ?, ?)[0m  [["author", "elliot"], ["text", "welcome back"], ["created_at", "2021-06-11 19:00:51.764201"], ["updated_at", "2021-06-11 19:00:51.764201"]]
  [1m[35m (2.5ms)[0m  commit transaction
Completed 200 OK in 2006ms (Views: 0.3ms | ActiveRecord: 2.8ms)


Started GET "/" for ::1 at 2021-06-11 12:03:48 -0700
Processing by MessagesController#index as HTML
  [1m[36mMessage Load (0.2ms)[0m  [1mSELECT "messages".* FROM "messages"[0m
  Rendered messages/index.html.erb within layouts/application (1.0ms)
Completed 200 OK in 2064ms (Views: 63.1ms | ActiveRecord: 0.2ms)


Started GET "/assets/bundle.self-889ea4b4ad0819c4d89142e6b5e1c5545b6020a467d5e298a0002ed7e174d574.js?body=1" for ::1 at 2021-06-11 12:03:50 -0700


Started POST "/messages" for ::1 at 2021-06-11 12:03:55 -0700
Processing by MessagesController#create as JSON
  Parameters: {"authenticity_token"=>"LCvRtE2AnROElqtwl3mdrsY3kr8c1GpEHYC0JOFOpymDddbfBUChldXHAphNigB+ClWs3bGdr2kQi8jecgrOZQ==", "message"=>{"author"=>"elliot", "text"=>"finally!"}}
  [1m[35m (0.1ms)[0m  begin transaction
  [1m[36mSQL (0.2ms)[0m  [1mINSERT INTO "messages" ("author", "text", "created_at", "updated_at") VALUES (?, ?, ?, ?)[0m  [["author", "elliot"], ["text", "finally!"], ["created_at", "2021-06-11 19:03:57.147226"], ["updated_at", "2021-06-11 19:03:57.147226"]]
  [1m[35m (4.9ms)[0m  commit transaction
Completed 200 OK in 2008ms (Views: 0.3ms | ActiveRecord: 5.1ms)
